<?xml version="1.0" encoding="UTF-8"?>
<testsuite name="org.example.springboot.web.HelloControllerTest" tests="2" skipped="0" failures="0" errors="0" timestamp="2021-10-17T03:49:33" hostname="DESKTOP-M19RV49" time="0.224">
  <properties/>
  <testcase name="hello가_리턴된다" classname="org.example.springboot.web.HelloControllerTest" time="0.053"/>
  <testcase name="helloDto가_리턴된다" classname="org.example.springboot.web.HelloControllerTest" time="0.17"/>
  <system-out><![CDATA[2021-10-17 12:49:31.179  INFO 21000 --- [    Test worker] .b.t.a.w.s.WebMvcTestContextBootstrapper : Neither @ContextConfiguration nor @ContextHierarchy found for test class [org.example.springboot.web.HelloControllerTest], using SpringBootContextLoader
2021-10-17 12:49:31.181  INFO 21000 --- [    Test worker] o.s.t.c.support.AbstractContextLoader    : Could not detect default resource locations for test class [org.example.springboot.web.HelloControllerTest]: no resource found for suffixes {-context.xml, Context.groovy}.
2021-10-17 12:49:31.181  INFO 21000 --- [    Test worker] t.c.s.AnnotationConfigContextLoaderUtils : Could not detect default configuration classes for test class [org.example.springboot.web.HelloControllerTest]: HelloControllerTest does not declare any static, non-private, non-final, nested classes annotated with @Configuration.
2021-10-17 12:49:31.206  INFO 21000 --- [    Test worker] .b.t.c.SpringBootTestContextBootstrapper : Found @SpringBootConfiguration org.example.springboot.Application for test class org.example.springboot.web.HelloControllerTest
2021-10-17 12:49:31.207  INFO 21000 --- [    Test worker] .b.t.a.w.s.WebMvcTestContextBootstrapper : Loaded default TestExecutionListener class names from location [META-INF/spring.factories]: [org.springframework.security.test.context.support.WithSecurityContextTestExecutionListener, org.springframework.security.test.context.support.ReactorContextTestExecutionListener, org.springframework.boot.test.autoconfigure.restdocs.RestDocsTestExecutionListener, org.springframework.boot.test.autoconfigure.web.client.MockRestServiceServerResetTestExecutionListener, org.springframework.boot.test.autoconfigure.web.servlet.MockMvcPrintOnlyOnFailureTestExecutionListener, org.springframework.boot.test.autoconfigure.web.servlet.WebDriverTestExecutionListener, org.springframework.boot.test.mock.mockito.MockitoTestExecutionListener, org.springframework.boot.test.mock.mockito.ResetMocksTestExecutionListener, org.springframework.test.context.web.ServletTestExecutionListener, org.springframework.test.context.support.DirtiesContextBeforeModesTestExecutionListener, org.springframework.test.context.support.DependencyInjectionTestExecutionListener, org.springframework.test.context.support.DirtiesContextTestExecutionListener, org.springframework.test.context.transaction.TransactionalTestExecutionListener, org.springframework.test.context.jdbc.SqlScriptsTestExecutionListener]
2021-10-17 12:49:31.209  INFO 21000 --- [    Test worker] .b.t.a.w.s.WebMvcTestContextBootstrapper : Using TestExecutionListeners: [org.springframework.test.context.web.ServletTestExecutionListener@7e828187, org.springframework.test.context.support.DirtiesContextBeforeModesTestExecutionListener@7e502157, org.springframework.boot.test.mock.mockito.MockitoTestExecutionListener@7cf9fc0d, org.springframework.boot.test.autoconfigure.SpringBootDependencyInjectionTestExecutionListener@7fa8d8c, org.springframework.test.context.support.DirtiesContextTestExecutionListener@6d9eba4d, org.springframework.test.context.transaction.TransactionalTestExecutionListener@12bb6430, org.springframework.test.context.jdbc.SqlScriptsTestExecutionListener@2191fbfe, org.springframework.security.test.context.support.WithSecurityContextTestExecutionListener@72d494ad, org.springframework.security.test.context.support.ReactorContextTestExecutionListener@6a800468, org.springframework.boot.test.autoconfigure.restdocs.RestDocsTestExecutionListener@235377ec, org.springframework.boot.test.autoconfigure.web.client.MockRestServiceServerResetTestExecutionListener@d333673, org.springframework.boot.test.autoconfigure.web.servlet.MockMvcPrintOnlyOnFailureTestExecutionListener@5b94ba84, org.springframework.boot.test.autoconfigure.web.servlet.WebDriverTestExecutionListener@315d46da, org.springframework.boot.test.mock.mockito.ResetMocksTestExecutionListener@909ab0a]

  .   ____          _            __ _ _
 /\\ / ___'_ __ _ _(_)_ __  __ _ \ \ \ \
( ( )\___ | '_ | '_| | '_ \/ _` | \ \ \ \
 \\/  ___)| |_)| | | | | || (_| |  ) ) ) )
  '  |____| .__|_| |_|_| |_\__, | / / / /
 =========|_|==============|___/=/_/_/_/
 :: Spring Boot ::        (v2.1.7.RELEASE)

2021-10-17 12:49:31.284  INFO 21000 --- [    Test worker] o.e.springboot.web.HelloControllerTest   : Starting HelloControllerTest on DESKTOP-M19RV49 with PID 21000 (started by a in C:\Users\a\IdeaProjects\springboot_web)
2021-10-17 12:49:31.284  INFO 21000 --- [    Test worker] o.e.springboot.web.HelloControllerTest   : No active profile set, falling back to default profiles: default
2021-10-17 12:49:32.250  INFO 21000 --- [    Test worker] o.s.s.concurrent.ThreadPoolTaskExecutor  : Initializing ExecutorService 'applicationTaskExecutor'
2021-10-17 12:49:32.319  INFO 21000 --- [    Test worker] o.s.b.a.w.s.WelcomePageHandlerMapping    : Adding welcome page template: index
2021-10-17 12:49:32.762  INFO 21000 --- [    Test worker] .s.s.UserDetailsServiceAutoConfiguration : 

Using generated security password: 387583c2-ce69-4931-80fc-ef654fc14ea1

2021-10-17 12:49:33.043  INFO 21000 --- [    Test worker] o.s.s.web.DefaultSecurityFilterChain     : Creating filter chain: any request, [org.springframework.security.web.context.request.async.WebAsyncManagerIntegrationFilter@4dc827ec, org.springframework.security.web.context.SecurityContextPersistenceFilter@3e26c0e, org.springframework.security.web.header.HeaderWriterFilter@2dfb5f26, org.springframework.security.web.csrf.CsrfFilter@4954eb7b, org.springframework.security.web.authentication.logout.LogoutFilter@21dc41c9, org.springframework.security.web.authentication.UsernamePasswordAuthenticationFilter@266a5d80, org.springframework.security.web.authentication.ui.DefaultLoginPageGeneratingFilter@6d07b4d4, org.springframework.security.web.authentication.ui.DefaultLogoutPageGeneratingFilter@3abd70cd, org.springframework.security.web.authentication.www.BasicAuthenticationFilter@12a915, org.springframework.security.web.savedrequest.RequestCacheAwareFilter@ace055c, org.springframework.security.web.servletapi.SecurityContextHolderAwareRequestFilter@7d3b694c, org.springframework.security.web.authentication.AnonymousAuthenticationFilter@2ff22c8e, org.springframework.security.web.session.SessionManagementFilter@431a66d1, org.springframework.security.web.access.ExceptionTranslationFilter@1bc24cf2, org.springframework.security.web.access.intercept.FilterSecurityInterceptor@38d806c9]
2021-10-17 12:49:33.079  INFO 21000 --- [    Test worker] o.s.b.t.m.w.SpringBootMockServletContext : Initializing Spring TestDispatcherServlet ''
2021-10-17 12:49:33.079  INFO 21000 --- [    Test worker] o.s.t.web.servlet.TestDispatcherServlet  : Initializing Servlet ''
2021-10-17 12:49:33.093  INFO 21000 --- [    Test worker] o.s.t.web.servlet.TestDispatcherServlet  : Completed initialization in 14 ms
2021-10-17 12:49:33.140  INFO 21000 --- [    Test worker] o.e.springboot.web.HelloControllerTest   : Started HelloControllerTest in 1.927 seconds (JVM running for 23.038)
]]></system-out>
  <system-err><![CDATA[]]></system-err>
</testsuite>
