<?xml version="1.0" encoding="UTF-8"?>
<testsuite name="org.example.springboot.web.domain.posts.PostsRepositoryTest" tests="2" skipped="0" failures="0" errors="0" timestamp="2021-10-17T03:49:30" hostname="DESKTOP-M19RV49" time="0.212">
  <properties/>
  <testcase name="게시글저장_불러오기" classname="org.example.springboot.web.domain.posts.PostsRepositoryTest" time="0.201"/>
  <testcase name="BaseTimeEntity_등록" classname="org.example.springboot.web.domain.posts.PostsRepositoryTest" time="0.011"/>
  <system-out><![CDATA[2021-10-17 12:49:26.932  INFO 21000 --- [    Test worker] .b.t.c.SpringBootTestContextBootstrapper : Neither @ContextConfiguration nor @ContextHierarchy found for test class [org.example.springboot.web.domain.posts.PostsRepositoryTest], using SpringBootContextLoader
2021-10-17 12:49:26.933  INFO 21000 --- [    Test worker] o.s.t.c.support.AbstractContextLoader    : Could not detect default resource locations for test class [org.example.springboot.web.domain.posts.PostsRepositoryTest]: no resource found for suffixes {-context.xml, Context.groovy}.
2021-10-17 12:49:26.933  INFO 21000 --- [    Test worker] t.c.s.AnnotationConfigContextLoaderUtils : Could not detect default configuration classes for test class [org.example.springboot.web.domain.posts.PostsRepositoryTest]: PostsRepositoryTest does not declare any static, non-private, non-final, nested classes annotated with @Configuration.
2021-10-17 12:49:26.958  INFO 21000 --- [    Test worker] .b.t.c.SpringBootTestContextBootstrapper : Found @SpringBootConfiguration org.example.springboot.Application for test class org.example.springboot.web.domain.posts.PostsRepositoryTest
2021-10-17 12:49:26.963  INFO 21000 --- [    Test worker] .b.t.c.SpringBootTestContextBootstrapper : Loaded default TestExecutionListener class names from location [META-INF/spring.factories]: [org.springframework.security.test.context.support.WithSecurityContextTestExecutionListener, org.springframework.security.test.context.support.ReactorContextTestExecutionListener, org.springframework.boot.test.autoconfigure.restdocs.RestDocsTestExecutionListener, org.springframework.boot.test.autoconfigure.web.client.MockRestServiceServerResetTestExecutionListener, org.springframework.boot.test.autoconfigure.web.servlet.MockMvcPrintOnlyOnFailureTestExecutionListener, org.springframework.boot.test.autoconfigure.web.servlet.WebDriverTestExecutionListener, org.springframework.boot.test.mock.mockito.MockitoTestExecutionListener, org.springframework.boot.test.mock.mockito.ResetMocksTestExecutionListener, org.springframework.test.context.web.ServletTestExecutionListener, org.springframework.test.context.support.DirtiesContextBeforeModesTestExecutionListener, org.springframework.test.context.support.DependencyInjectionTestExecutionListener, org.springframework.test.context.support.DirtiesContextTestExecutionListener, org.springframework.test.context.transaction.TransactionalTestExecutionListener, org.springframework.test.context.jdbc.SqlScriptsTestExecutionListener]
2021-10-17 12:49:26.965  INFO 21000 --- [    Test worker] .b.t.c.SpringBootTestContextBootstrapper : Using TestExecutionListeners: [org.springframework.test.context.web.ServletTestExecutionListener@59e7c2c8, org.springframework.test.context.support.DirtiesContextBeforeModesTestExecutionListener@c82f204, org.springframework.boot.test.mock.mockito.MockitoTestExecutionListener@4f80a48d, org.springframework.boot.test.autoconfigure.SpringBootDependencyInjectionTestExecutionListener@6aca5810, org.springframework.test.context.support.DirtiesContextTestExecutionListener@ddc2603, org.springframework.test.context.transaction.TransactionalTestExecutionListener@1655f76e, org.springframework.test.context.jdbc.SqlScriptsTestExecutionListener@5cbb9de5, org.springframework.security.test.context.support.WithSecurityContextTestExecutionListener@648944ba, org.springframework.security.test.context.support.ReactorContextTestExecutionListener@8099a16, org.springframework.boot.test.autoconfigure.restdocs.RestDocsTestExecutionListener@315ef2fe, org.springframework.boot.test.autoconfigure.web.client.MockRestServiceServerResetTestExecutionListener@318a0585, org.springframework.boot.test.autoconfigure.web.servlet.MockMvcPrintOnlyOnFailureTestExecutionListener@1f083b9a, org.springframework.boot.test.autoconfigure.web.servlet.WebDriverTestExecutionListener@5b95cb47, org.springframework.boot.test.mock.mockito.ResetMocksTestExecutionListener@1d1a0bc9]

  .   ____          _            __ _ _
 /\\ / ___'_ __ _ _(_)_ __  __ _ \ \ \ \
( ( )\___ | '_ | '_| | '_ \/ _` | \ \ \ \
 \\/  ___)| |_)| | | | | || (_| |  ) ) ) )
  '  |____| .__|_| |_|_| |_\__, | / / / /
 =========|_|==============|___/=/_/_/_/
 :: Spring Boot ::        (v2.1.7.RELEASE)

2021-10-17 12:49:27.050  INFO 21000 --- [    Test worker] o.e.s.w.d.posts.PostsRepositoryTest      : Starting PostsRepositoryTest on DESKTOP-M19RV49 with PID 21000 (started by a in C:\Users\a\IdeaProjects\springboot_web)
2021-10-17 12:49:27.050  INFO 21000 --- [    Test worker] o.e.s.w.d.posts.PostsRepositoryTest      : No active profile set, falling back to default profiles: default
2021-10-17 12:49:27.551  INFO 21000 --- [    Test worker] .s.d.r.c.RepositoryConfigurationDelegate : Bootstrapping Spring Data repositories in DEFAULT mode.
2021-10-17 12:49:27.653  INFO 21000 --- [    Test worker] .s.d.r.c.RepositoryConfigurationDelegate : Finished Spring Data repository scanning in 101ms. Found 2 repository interfaces.
2021-10-17 12:49:27.946  INFO 21000 --- [    Test worker] trationDelegate$BeanPostProcessorChecker : Bean 'org.springframework.transaction.annotation.ProxyTransactionManagementConfiguration' of type [org.springframework.transaction.annotation.ProxyTransactionManagementConfiguration$$EnhancerBySpringCGLIB$$c084a930] is not eligible for getting processed by all BeanPostProcessors (for example: not eligible for auto-proxying)
2021-10-17 12:49:28.175  INFO 21000 --- [    Test worker] com.zaxxer.hikari.HikariDataSource       : HikariPool-2 - Starting...
2021-10-17 12:49:28.177  INFO 21000 --- [    Test worker] com.zaxxer.hikari.HikariDataSource       : HikariPool-2 - Start completed.
2021-10-17 12:49:28.252  INFO 21000 --- [    Test worker] o.hibernate.jpa.internal.util.LogHelper  : HHH000204: Processing PersistenceUnitInfo [
	name: default
	...]
2021-10-17 12:49:28.275  INFO 21000 --- [    Test worker] org.hibernate.dialect.Dialect            : HHH000400: Using dialect: org.hibernate.dialect.MySQL5InnoDBDialect
Hibernate: drop table if exists posts
Hibernate: drop table if exists user
Hibernate: create table posts (id bigint not null auto_increment, created_date datetime, modified_date datetime, author varchar(255), content TEXT not null, title varchar(500) not null, primary key (id)) engine=InnoDB
Hibernate: create table user (id bigint not null auto_increment, created_date datetime, modified_date datetime, email varchar(255) not null, name varchar(255) not null, picture varchar(255), role varchar(255) not null, primary key (id)) engine=InnoDB
2021-10-17 12:49:28.372  INFO 21000 --- [    Test worker] o.h.t.schema.internal.SchemaCreatorImpl  : HHH000476: Executing import script 'org.hibernate.tool.schema.internal.exec.ScriptSourceInputNonExistentImpl@753851db'
2021-10-17 12:49:28.373  INFO 21000 --- [    Test worker] j.LocalContainerEntityManagerFactoryBean : Initialized JPA EntityManagerFactory for persistence unit 'default'
2021-10-17 12:49:28.795  INFO 21000 --- [    Test worker] o.h.h.i.QueryTranslatorFactoryInitiator  : HHH000397: Using ASTQueryTranslatorFactory
2021-10-17 12:49:29.175  INFO 21000 --- [    Test worker] o.s.s.web.DefaultSecurityFilterChain     : Creating filter chain: any request, [org.springframework.security.web.context.request.async.WebAsyncManagerIntegrationFilter@54ba5420, org.springframework.security.web.context.SecurityContextPersistenceFilter@62cffad3, org.springframework.security.web.header.HeaderWriterFilter@5f0f5dbb, org.springframework.security.web.authentication.logout.LogoutFilter@15c56fb6, org.springframework.security.oauth2.client.web.OAuth2AuthorizationRequestRedirectFilter@3b9a2d77, org.springframework.security.oauth2.client.web.OAuth2LoginAuthenticationFilter@5b251ba8, org.springframework.security.web.authentication.ui.DefaultLoginPageGeneratingFilter@8c1051f, org.springframework.security.web.authentication.ui.DefaultLogoutPageGeneratingFilter@26dd9e4a, org.springframework.security.web.savedrequest.RequestCacheAwareFilter@4e907178, org.springframework.security.web.servletapi.SecurityContextHolderAwareRequestFilter@6b570f94, org.springframework.security.web.authentication.AnonymousAuthenticationFilter@4c46ee73, org.springframework.security.web.session.SessionManagementFilter@4c25fa03, org.springframework.security.web.access.ExceptionTranslationFilter@16d74486, org.springframework.security.web.access.intercept.FilterSecurityInterceptor@123c0538]
2021-10-17 12:49:29.903  INFO 21000 --- [    Test worker] o.s.s.concurrent.ThreadPoolTaskExecutor  : Initializing ExecutorService 'applicationTaskExecutor'
2021-10-17 12:49:29.935  WARN 21000 --- [    Test worker] aWebConfiguration$JpaWebMvcConfiguration : spring.jpa.open-in-view is enabled by default. Therefore, database queries may be performed during view rendering. Explicitly configure spring.jpa.open-in-view to disable this warning
2021-10-17 12:49:30.005  INFO 21000 --- [    Test worker] o.s.b.a.w.s.WelcomePageHandlerMapping    : Adding welcome page template: index
2021-10-17 12:49:30.927  INFO 21000 --- [    Test worker] s.a.ScheduledAnnotationBeanPostProcessor : No TaskScheduler/ScheduledExecutorService bean found for scheduled processing
2021-10-17 12:49:30.929  INFO 21000 --- [    Test worker] o.e.s.w.d.posts.PostsRepositoryTest      : Started PostsRepositoryTest in 3.945 seconds (JVM running for 20.827)
Hibernate: insert into posts (created_date, modified_date, author, content, title) values (?, ?, ?, ?, ?)
Hibernate: select posts0_.id as id1_0_, posts0_.created_date as created_2_0_, posts0_.modified_date as modified3_0_, posts0_.author as author4_0_, posts0_.content as content5_0_, posts0_.title as title6_0_ from posts posts0_
Hibernate: select posts0_.id as id1_0_, posts0_.created_date as created_2_0_, posts0_.modified_date as modified3_0_, posts0_.author as author4_0_, posts0_.content as content5_0_, posts0_.title as title6_0_ from posts posts0_
Hibernate: delete from posts where id=?
Hibernate: insert into posts (created_date, modified_date, author, content, title) values (?, ?, ?, ?, ?)
Hibernate: select posts0_.id as id1_0_, posts0_.created_date as created_2_0_, posts0_.modified_date as modified3_0_, posts0_.author as author4_0_, posts0_.content as content5_0_, posts0_.title as title6_0_ from posts posts0_
>>>>>>>>>>> createDate=2021-10-17T12:49:31.154, modifiedDate=2021-10-17T12:49:31.154
Hibernate: select posts0_.id as id1_0_, posts0_.created_date as created_2_0_, posts0_.modified_date as modified3_0_, posts0_.author as author4_0_, posts0_.content as content5_0_, posts0_.title as title6_0_ from posts posts0_
Hibernate: delete from posts where id=?
]]></system-out>
  <system-err><![CDATA[]]></system-err>
</testsuite>
